<?xml version="1.0" encoding="UTF-8"?>
<!-- Generated by org.testng.reporters.JUnitReportReporter -->
<testsuite skipped="0" hostname="IN5CG63333QM" name="com.dxc.maven.test.FlipkartTest" tests="1" failures="0" timestamp="08 Feb 2020 10:25:41 GMT" time="10.449" errors="0">
  <testcase name="loginFlipkart" time="10.449" classname="com.dxc.maven.test.FlipkartTest"/>
</testsuite> <!-- com.dxc.maven.test.FlipkartTest -->
